<?xml version="1.0" encoding="UTF-8"?>
<testng-results ignored="0" total="1" passed="1" failed="0" skipped="0">
  <reporter-output>
    <line>
      <![CDATA[TEst case Started tc2]]>
    </line>
    <line>
      <![CDATA[Test case Executed Sucessfully tc2]]>
    </line>
  </reporter-output>
  <suite started-at="2024-05-12T19:56:10 IST" name="Default suite" finished-at="2024-05-12T19:56:34 IST" duration-ms="23306">
    <groups>
    </groups>
    <test started-at="2024-05-12T19:56:10 IST" name="Default test" finished-at="2024-05-12T19:56:34 IST" duration-ms="23306">
      <class name="com.parlr.TestCases.Tc2Test">
        <test-method is-config="true" signature="openApp()[pri:0, instance:com.parlr.TestCases.Tc2Test@1e6a3214]" started-at="2024-05-12T19:56:11 IST" name="openApp" finished-at="2024-05-12T19:56:16 IST" duration-ms="4661" status="PASS">
          <reporter-output>
          </reporter-output>
        </test-method> <!-- openApp -->
        <test-method is-config="true" signature="login()[pri:0, instance:com.parlr.TestCases.Tc2Test@1e6a3214]" started-at="2024-05-12T19:56:16 IST" name="login" finished-at="2024-05-12T19:56:19 IST" duration-ms="3056" status="PASS">
          <reporter-output>
          </reporter-output>
        </test-method> <!-- login -->
        <test-method signature="tc2()[pri:0, instance:com.parlr.TestCases.Tc2Test@1e6a3214]" started-at="2024-05-12T19:56:19 IST" name="tc2" finished-at="2024-05-12T19:56:32 IST" duration-ms="13161" status="PASS">
          <reporter-output>
            <line>
              <![CDATA[TEst case Started tc2]]>
            </line>
            <line>
              <![CDATA[Test case Executed Sucessfully tc2]]>
            </line>
          </reporter-output>
        </test-method> <!-- tc2 -->
        <test-method is-config="true" signature="logout()[pri:0, instance:com.parlr.TestCases.Tc2Test@1e6a3214]" started-at="2024-05-12T19:56:32 IST" name="logout" finished-at="2024-05-12T19:56:34 IST" duration-ms="1537" status="PASS">
          <reporter-output>
          </reporter-output>
        </test-method> <!-- logout -->
        <test-method is-config="true" signature="CloseApp()[pri:0, instance:com.parlr.TestCases.Tc2Test@1e6a3214]" started-at="2024-05-12T19:56:34 IST" name="CloseApp" finished-at="2024-05-12T19:56:34 IST" duration-ms="169" status="PASS">
          <reporter-output>
          </reporter-output>
        </test-method> <!-- CloseApp -->
      </class> <!-- com.parlr.TestCases.Tc2Test -->
    </test> <!-- Default test -->
  </suite> <!-- Default suite -->
</testng-results>
